\BOOKMARK [0][-]{chapter.1}{Document Versions}{}% 1
\BOOKMARK [1][-]{section.1.1}{About The Document}{chapter.1}% 2
\BOOKMARK [1][-]{section.1.2}{Recent Changes}{chapter.1}% 3
\BOOKMARK [1][-]{section.1.3}{All Changes}{chapter.1}% 4
\BOOKMARK [0][-]{chapter.2}{Functional Requirements}{}% 5
\BOOKMARK [0][-]{chapter.3}{Implementations}{}% 6
\BOOKMARK [1][-]{section.3.1}{OSI Layer Model}{chapter.3}% 7
\BOOKMARK [2][-]{subsection.3.1.1}{Description of OSI layers}{section.3.1}% 8
\BOOKMARK [2][-]{subsection.3.1.2}{Implementations of OSI layers}{section.3.1}% 9
\BOOKMARK [0][-]{chapter.4}{Specifications}{}% 10
\BOOKMARK [1][-]{section.4.1}{Block Diagram}{chapter.4}% 11
\BOOKMARK [1][-]{section.4.2}{Diagram Description}{chapter.4}% 12
\BOOKMARK [2][-]{subsection.4.2.1}{UART - Receiver}{section.4.2}% 13
\BOOKMARK [2][-]{subsection.4.2.2}{9600 Baud Generator}{section.4.2}% 14
\BOOKMARK [2][-]{subsection.4.2.3}{Parity Check}{section.4.2}% 15
\BOOKMARK [2][-]{subsection.4.2.4}{Memory}{section.4.2}% 16
\BOOKMARK [2][-]{subsection.4.2.5}{Password Bank}{section.4.2}% 17
\BOOKMARK [2][-]{subsection.4.2.6}{Comparator}{section.4.2}% 18
\BOOKMARK [2][-]{subsection.4.2.7}{Clock Divider}{section.4.2}% 19
\BOOKMARK [0][-]{chapter.5}{I/O Specifications}{}% 20
\BOOKMARK [1][-]{section.5.1}{Top-level}{chapter.5}% 21
\BOOKMARK [2][-]{subsection.5.1.1}{Inputs}{section.5.1}% 22
\BOOKMARK [2][-]{subsection.5.1.2}{Outputs}{section.5.1}% 23
\BOOKMARK [1][-]{section.5.2}{UART-Receiver}{chapter.5}% 24
\BOOKMARK [2][-]{subsection.5.2.1}{Inputs}{section.5.2}% 25
\BOOKMARK [2][-]{subsection.5.2.2}{Outputs}{section.5.2}% 26
\BOOKMARK [1][-]{section.5.3}{Baud Generator}{chapter.5}% 27
\BOOKMARK [2][-]{subsection.5.3.1}{Inputs}{section.5.3}% 28
\BOOKMARK [2][-]{subsection.5.3.2}{Outputs}{section.5.3}% 29
\BOOKMARK [1][-]{section.5.4}{Register}{chapter.5}% 30
\BOOKMARK [2][-]{subsection.5.4.1}{Inputs}{section.5.4}% 31
\BOOKMARK [2][-]{subsection.5.4.2}{Outputs}{section.5.4}% 32
\BOOKMARK [1][-]{section.5.5}{Password Comparator}{chapter.5}% 33
\BOOKMARK [2][-]{subsection.5.5.1}{Inputs}{section.5.5}% 34
\BOOKMARK [2][-]{subsection.5.5.2}{Outputs}{section.5.5}% 35
\BOOKMARK [1][-]{section.5.6}{Heart-beat}{chapter.5}% 36
\BOOKMARK [2][-]{subsection.5.6.1}{Inputs}{section.5.6}% 37
\BOOKMARK [2][-]{subsection.5.6.2}{Outputs}{section.5.6}% 38
