This is pdfTeX, Version 3.14159265-2.6-1.40.18 (MiKTeX 2.9.6300 64-bit) (preloaded format=pdflatex 2017.5.20)  27 OCT 2018 13:24
entering extended mode
**./title.tex
(title.tex
LaTeX2e <2017-04-15>
Babel <3.9t> and hyphenation patterns for 76 language(s) loaded.

! LaTeX Error: Environment titlepage undefined.

See the LaTeX manual or LaTeX Companion for explanation.
Type  H <return>  for immediate help.
 ...                                              
                                                  
l.1 \begin{titlepage}
                     
Your command was ignored.
Type  I <command> <return>  to replace it with another command,
or  <return>  to continue without it.

! Undefined control sequence.
l.6 \includegraphics
                    [width=7cm]{title/logo.png}\\[3cm] % Include a departmen...
The control sequence at the end of the top line
of your error message was never \def'ed. If you have
misspelled it (e.g., `\hobx'), type `I' and the correct
spelling (e.g., `I\hbox'). Otherwise just continue,
and I'll forget about whatever was undefined.


! LaTeX Error: Missing \begin{document}.

See the LaTeX manual or LaTeX Companion for explanation.
Type  H <return>  for immediate help.
 ...                                              
                                                  
l.6 \includegraphics[
                     width=7cm]{title/logo.png}\\[3cm] % Include a departmen...

You're in trouble here.  Try typing  <return>  to proceed.
If that doesn't work, type  X <return>  to quit.

Missing character: There is no [ in font nullfont!
Missing character: There is no w in font nullfont!
Missing character: There is no i in font nullfont!
Missing character: There is no d in font nullfont!
Missing character: There is no t in font nullfont!
Missing character: There is no h in font nullfont!
Missing character: There is no = in font nullfont!
Missing character: There is no 7 in font nullfont!
Missing character: There is no c in font nullfont!
Missing character: There is no m in font nullfont!
Missing character: There is no ] in font nullfont!
Missing character: There is no t in font nullfont!
Missing character: There is no i in font nullfont!
Missing character: There is no t in font nullfont!
Missing character: There is no l in font nullfont!
Missing character: There is no e in font nullfont!
Missing character: There is no / in font nullfont!
Missing character: There is no l in font nullfont!
Missing character: There is no o in font nullfont!
Missing character: There is no g in font nullfont!
Missing character: There is no o in font nullfont!
Missing character: There is no . in font nullfont!
Missing character: There is no p in font nullfont!
Missing character: There is no n in font nullfont!
Missing character: There is no g in font nullfont!

Overfull \hbox (20.0pt too wide) in paragraph at lines 6--7
[] 
 []


! LaTeX Error: Missing \begin{document}.

See the LaTeX manual or LaTeX Companion for explanation.
Type  H <return>  for immediate help.
 ...                                              
                                                  
l.9 \center
            % Center everything on the page
You're in trouble here.  Try typing  <return>  to proceed.
If that doesn't work, type  X <return>  to quit.


Overfull \hbox (20.0pt too wide) in paragraph at lines 9--9
[] 
 []

! Undefined control sequence.
l.16 { \huge
             \bfseries \@title}\\[0.4cm] % Title of your document
The control sequence at the end of the top line
of your error message was never \def'ed. If you have
misspelled it (e.g., `\hobx'), type `I' and the correct
spelling (e.g., `I\hbox'). Otherwise just continue,
and I'll forget about whatever was undefined.


! LaTeX Error: No \title given.

See the LaTeX manual or LaTeX Companion for explanation.
Type  H <return>  for immediate help.
 ...                                              
                                                  
l.16 { \huge \bfseries \@title
                              }\\[0.4cm] % Title of your document
Try typing  <return>  to proceed.
If that doesn't work, type  X <return>  to quit.


! LaTeX Error: There's no line here to end.

See the LaTeX manual or LaTeX Companion for explanation.
Type  H <return>  for immediate help.
 ...                                              
                                                  
l.16 { \huge \bfseries \@title}\\
                                 [0.4cm] % Title of your document
Your command was ignored.
Type  I <command> <return>  to replace it with another command,
or  <return>  to continue without it.

! Undefined control sequence.
<recently read> \Large 
                       
l.21 ...{\Large Digital Circuit Design WS 2018/19}
                                                  \\[0.3cm]
The control sequence at the end of the top line
of your error message was never \def'ed. If you have
misspelled it (e.g., `\hobx'), type `I' and the correct
spelling (e.g., `I\hbox'). Otherwise just continue,
and I'll forget about whatever was undefined.


Overfull \hbox (37.25807pt too wide) in paragraph at lines 21--21
 []\OT1/cmr/m/sc/10 Digital 
 []


Overfull \hbox (20.68318pt too wide) in paragraph at lines 21--21
 \OT1/cmr/m/sc/10 Cir- 
 []


Overfull \hbox (20.97766pt too wide) in paragraph at lines 21--21
 \OT1/cmr/m/sc/10 cuit 
 []


Overfull \hbox (17.64708pt too wide) in paragraph at lines 21--21
 \OT1/cmr/m/sc/10 De- 
 []


Overfull \hbox (20.14435pt too wide) in paragraph at lines 21--21
 \OT1/cmr/m/sc/10 sign 
 []


Overfull \hbox (17.16649pt too wide) in paragraph at lines 21--21
 \OT1/cmr/m/sc/10 WS 
 []


Overfull \hbox (38.69408pt too wide) in paragraph at lines 21--21
 \OT1/cmr/m/sc/10 2018/19 
 []

! Undefined control sequence.
<recently read> \large 
                       
l.22 ...\large Hochschule Ravensburg - Weingarten}
                                                  \\ [1.5cm]
The control sequence at the end of the top line
of your error message was never \def'ed. If you have
misspelled it (e.g., `\hobx'), type `I' and the correct
spelling (e.g., `I\hbox'). Otherwise just continue,
and I'll forget about whatever was undefined.


Overfull \hbox (60.00523pt too wide) in paragraph at lines 22--22
 []\OT1/cmr/m/sc/10 Hochschule 
 []


Overfull \hbox (39.44423pt too wide) in paragraph at lines 22--22
 \OT1/cmr/m/sc/10 Ravens- 
 []


Overfull \hbox (24.14435pt too wide) in paragraph at lines 22--22
 \OT1/cmr/m/sc/10 burg 
 []


Overfull \hbox (3.77774pt too wide) in paragraph at lines 22--22
 \OT1/cmr/m/sc/10 - 
 []


Overfull \hbox (29.56645pt too wide) in paragraph at lines 22--22
 \OT1/cmr/m/sc/10 Wein- 
 []


Overfull \hbox (35.52203pt too wide) in paragraph at lines 22--22
 \OT1/cmr/m/sc/10 garten 
 []

! Undefined control sequence.
l.28 \begin{flushleft} \large
                             
The control sequence at the end of the top line
of your error message was never \def'ed. If you have
misspelled it (e.g., `\hobx'), type `I' and the correct
spelling (e.g., `I\hbox'). Otherwise just continue,
and I'll forget about whatever was undefined.

Missing character: There is no K in font nullfont!
Missing character: There is no o in font nullfont!
Missing character: There is no s in font nullfont!
Missing character: There is no t in font nullfont!
Missing character: There is no a in font nullfont!
Missing character: There is no d in font nullfont!
Missing character: There is no i in font nullfont!
Missing character: There is no n in font nullfont!
Missing character: There is no L in font nullfont!
Missing character: There is no a in font nullfont!
Missing character: There is no z in font nullfont!
Missing character: There is no a in font nullfont!
Missing character: There is no r in font nullfont!
Missing character: There is no o in font nullfont!
Missing character: There is no v in font nullfont!
Missing character: There is no 2 in font nullfont!
Missing character: There is no 9 in font nullfont!
Missing character: There is no 4 in font nullfont!
Missing character: There is no 1 in font nullfont!
Missing character: There is no 0 in font nullfont!
LaTeX Font Info:    External font `cmex10' loaded for size
(Font)              <7> on input line 32.
LaTeX Font Info:    External font `cmex10' loaded for size
(Font)              <5> on input line 32.
! Undefined control sequence.
l.35 \begin{flushright} \large
                              
The control sequence at the end of the top line
of your error message was never \def'ed. If you have
misspelled it (e.g., `\hobx'), type `I' and the correct
spelling (e.g., `I\hbox'). Otherwise just continue,
and I'll forget about whatever was undefined.

Missing character: There is no S in font nullfont!
Missing character: There is no i in font nullfont!
Missing character: There is no y in font nullfont!
Missing character: There is no i in font nullfont!
Missing character: There is no D in font nullfont!
Missing character: There is no a in font nullfont!
Missing character: There is no i in font nullfont!
Missing character: There is no 2 in font nullfont!
Missing character: There is no 9 in font nullfont!
Missing character: There is no 2 in font nullfont!
Missing character: There is no 4 in font nullfont!
Missing character: There is no 5 in font nullfont!

Overfull \hbox (3276.74998pt too wide) in paragraph at lines 27--39
 []$[]$ 
 []


Overfull \hbox (3276.74998pt too wide) in paragraph at lines 27--39
 []$ 
 []

! Undefined control sequence.
l.44 {\large
             \today}\\[7cm]
The control sequence at the end of the top line
of your error message was never \def'ed. If you have
misspelled it (e.g., `\hobx'), type `I' and the correct
spelling (e.g., `I\hbox'). Otherwise just continue,
and I'll forget about whatever was undefined.

! Undefined control sequence.
l.44 {\large \today
                   }\\[7cm]
The control sequence at the end of the top line
of your error message was never \def'ed. If you have
misspelled it (e.g., `\hobx'), type `I' and the correct
spelling (e.g., `I\hbox'). Otherwise just continue,
and I'll forget about whatever was undefined.


! LaTeX Error: There's no line here to end.

See the LaTeX manual or LaTeX Companion for explanation.
Type  H <return>  for immediate help.
 ...                                              
                                                  
l.44 {\large \today}\\
                      [7cm]
Your command was ignored.
Type  I <command> <return>  to replace it with another command,
or  <return>  to continue without it.


! LaTeX Error: \begin{document} ended by \end{titlepage}.

See the LaTeX manual or LaTeX Companion for explanation.
Type  H <return>  for immediate help.
 ...                                              
                                                  
l.48 \end{titlepage}
                    
Your command was ignored.
Type  I <command> <return>  to replace it with another command,
or  <return>  to continue without it.

)
! Emergency stop.
<*> ./title.tex
               
*** (job aborted, no legal \end found)

 
Here is how much of TeX's memory you used:
 17 strings out of 493320
 183 string characters out of 3125066
 54574 words of memory out of 3000000
 3655 multiletter control sequences out of 15000+200000
 4249 words of font info for 16 fonts, out of 3000000 for 9000
 1141 hyphenation exceptions out of 8191
 20i,3n,18p,145b,174s stack positions out of 5000i,500n,10000p,200000b,50000s
!  ==> Fatal error occurred, no output PDF file produced!
